android/app/build/intermediates/manifest_merge_blame_file/debug/manifest-merger-blame-debug-report.txt
1<?xml version="1.0" encoding="utf-8"?>
2<manifest xmlns:android="http://schemas.android.com/apk/res/android"
3    package="com.jessy.bruneye"
4    android:versionCode="1"
5    android:versionName="1.0" >
6
7    <uses-sdk
8        android:minSdkVersion="21"
9        android:targetSdkVersion="34" />
10    <!--
11         The INTERNET permission is required for development. Specifically,
12         the Flutter tool needs it to communicate with the running application
13         to allow setting breakpoints, to provide hot reload, etc.
14    -->
15    <uses-permission android:name="android.permission.INTERNET" />
15-->src/debug/AndroidManifest.xml:6:5-66
15-->src/debug/AndroidManifest.xml:6:22-64
16    <uses-permission android:name="android.permission.CAMERA" />
16-->src/main/AndroidManifest.xml:3:5-65
16-->src/main/AndroidManifest.xml:3:22-62
17
18    <queries>
18-->src/main/AndroidManifest.xml:31:5-36:15
19        <intent>
19-->src/main/AndroidManifest.xml:32:9-35:18
20            <action android:name="android.intent.action.PROCESS_TEXT" />
20-->src/main/AndroidManifest.xml:33:13-72
20-->src/main/AndroidManifest.xml:33:21-70
21
22            <data android:mimeType="text/plain" />
22-->src/main/AndroidManifest.xml:34:13-50
22-->src/main/AndroidManifest.xml:34:19-48
23        </intent>
24    </queries>
25
26    <uses-feature android:name="android.hardware.camera.any" />
26-->[:camera_android_camerax] AndroidManifest.xml:7:5-64
26-->[:camera_android_camerax] AndroidManifest.xml:7:19-61
27
28    <uses-permission android:name="android.permission.RECORD_AUDIO" />
28-->[:camera_android_camerax] AndroidManifest.xml:10:5-71
28-->[:camera_android_camerax] AndroidManifest.xml:10:22-68
29    <uses-permission
29-->[:camera_android_camerax] AndroidManifest.xml:11:5-13:38
30        android:name="android.permission.WRITE_EXTERNAL_STORAGE"
30-->[:camera_android_camerax] AndroidManifest.xml:12:9-65
31        android:maxSdkVersion="28" />
31-->[:camera_android_camerax] AndroidManifest.xml:13:9-35
32    <uses-permission android:name="android.permission.READ_EXTERNAL_STORAGE" /> <!-- For remote config -->
33    <uses-permission android:name="android.permission.ACCESS_NETWORK_STATE" />
33-->[com.google.mlkit:object-detection:17.0.0] AndroidManifest.xml:7:5-79
33-->[com.google.mlkit:object-detection:17.0.0] AndroidManifest.xml:7:22-76
34    <uses-permission android:name="android.permission.WAKE_LOCK" /> <!-- Required by older versions of Google Play services to create IID tokens -->
34-->[com.google.firebase:firebase-iid:20.1.5] AndroidManifest.xml:24:5-68
34-->[com.google.firebase:firebase-iid:20.1.5] AndroidManifest.xml:24:22-65
35    <uses-permission android:name="com.google.android.c2dm.permission.RECEIVE" />
35-->[com.google.firebase:firebase-iid:20.1.5] AndroidManifest.xml:26:5-82
35-->[com.google.firebase:firebase-iid:20.1.5] AndroidManifest.xml:26:22-79
36
37    <permission
37-->[androidx.core:core:1.13.1] AndroidManifest.xml:22:5-24:47
38        android:name="com.jessy.bruneye.DYNAMIC_RECEIVER_NOT_EXPORTED_PERMISSION"
38-->[androidx.core:core:1.13.1] AndroidManifest.xml:23:9-81
39        android:protectionLevel="signature" />
39-->[androidx.core:core:1.13.1] AndroidManifest.xml:24:9-44
40
41    <uses-permission android:name="com.jessy.bruneye.DYNAMIC_RECEIVER_NOT_EXPORTED_PERMISSION" />
41-->[androidx.core:core:1.13.1] AndroidManifest.xml:26:5-97
41-->[androidx.core:core:1.13.1] AndroidManifest.xml:26:22-94
42
43    <application
44        android:name="android.app.Application"
45        android:appComponentFactory="androidx.core.app.CoreComponentFactory"
45-->[androidx.core:core:1.13.1] AndroidManifest.xml:28:18-86
46        android:debuggable="true"
47        android:extractNativeLibs="true"
48        android:icon="@mipmap/ic_launcher"
49        android:label="bruneye" >
50        <activity
51            android:name="com.jessy.bruneye.MainActivity"
52            android:configChanges="orientation|keyboardHidden|keyboard|screenSize|smallestScreenSize|locale|layoutDirection|fontScale|screenLayout|density|uiMode"
53            android:exported="true"
54            android:hardwareAccelerated="true"
55            android:launchMode="singleTop"
56            android:taskAffinity=""
57            android:theme="@style/LaunchTheme"
58            android:windowSoftInputMode="adjustResize" >
59            <meta-data
60                android:name="io.flutter.embedding.android.NormalTheme"
61                android:resource="@style/NormalTheme" />
62
63            <intent-filter>
64                <action android:name="android.intent.action.MAIN" />
65
66                <category android:name="android.intent.category.LAUNCHER" />
67            </intent-filter>
68        </activity>
69
70        <meta-data
71            android:name="flutterEmbedding"
72            android:value="2" />
73
74        <service
74-->[androidx.camera:camera-camera2:1.4.1] AndroidManifest.xml:24:9-33:19
75            android:name="androidx.camera.core.impl.MetadataHolderService"
75-->[androidx.camera:camera-camera2:1.4.1] AndroidManifest.xml:25:13-75
76            android:enabled="false"
76-->[androidx.camera:camera-camera2:1.4.1] AndroidManifest.xml:26:13-36
77            android:exported="false" >
77-->[androidx.camera:camera-camera2:1.4.1] AndroidManifest.xml:27:13-37
78            <meta-data
78-->[androidx.camera:camera-camera2:1.4.1] AndroidManifest.xml:30:13-32:89
79                android:name="androidx.camera.core.impl.MetadataHolderService.DEFAULT_CONFIG_PROVIDER"
79-->[androidx.camera:camera-camera2:1.4.1] AndroidManifest.xml:31:17-103
80                android:value="androidx.camera.camera2.Camera2Config$DefaultProvider" />
80-->[androidx.camera:camera-camera2:1.4.1] AndroidManifest.xml:32:17-86
81        </service>
82        <service
82-->[com.google.mlkit:object-detection:17.0.0] AndroidManifest.xml:11:9-17:19
83            android:name="com.google.mlkit.common.internal.MlKitComponentDiscoveryService"
83-->[com.google.mlkit:object-detection:17.0.0] AndroidManifest.xml:12:13-91
84            android:directBootAware="true"
84-->[com.google.mlkit:common:18.6.0] AndroidManifest.xml:17:13-43
85            android:exported="false" >
85-->[com.google.mlkit:object-detection:17.0.0] AndroidManifest.xml:13:13-37
86            <meta-data
86-->[com.google.mlkit:object-detection:17.0.0] AndroidManifest.xml:14:13-16:85
87                android:name="com.google.firebase.components:com.google.mlkit.vision.objects.defaults.internal.DefaultObjectsRegistrar"
87-->[com.google.mlkit:object-detection:17.0.0] AndroidManifest.xml:15:17-136
88                android:value="com.google.firebase.components.ComponentRegistrar" />
88-->[com.google.mlkit:object-detection:17.0.0] AndroidManifest.xml:16:17-82
89            <meta-data
89-->[com.google.mlkit:object-detection-custom:17.0.0] AndroidManifest.xml:11:13-13:85
90                android:name="com.google.firebase.components:com.google.mlkit.vision.objects.custom.internal.CustomObjectsRegistrar"
90-->[com.google.mlkit:object-detection-custom:17.0.0] AndroidManifest.xml:12:17-133
91                android:value="com.google.firebase.components.ComponentRegistrar" />
91-->[com.google.mlkit:object-detection-custom:17.0.0] AndroidManifest.xml:13:17-82
92            <meta-data
92-->[com.google.mlkit:vision-internal-vkp:18.2.2] AndroidManifest.xml:14:13-16:85
93                android:name="com.google.firebase.components:com.google.mlkit.vision.vkp.VkpRegistrar"
93-->[com.google.mlkit:vision-internal-vkp:18.2.2] AndroidManifest.xml:15:17-103
94                android:value="com.google.firebase.components.ComponentRegistrar" />
94-->[com.google.mlkit:vision-internal-vkp:18.2.2] AndroidManifest.xml:16:17-82
95            <meta-data
95-->[com.google.mlkit:vision-common:17.3.0] AndroidManifest.xml:12:13-14:85
96                android:name="com.google.firebase.components:com.google.mlkit.vision.common.internal.VisionCommonRegistrar"
96-->[com.google.mlkit:vision-common:17.3.0] AndroidManifest.xml:13:17-124
97                android:value="com.google.firebase.components.ComponentRegistrar" />
97-->[com.google.mlkit:vision-common:17.3.0] AndroidManifest.xml:14:17-82
98            <meta-data
98-->[com.google.mlkit:linkfirebase:17.0.0] AndroidManifest.xml:12:13-14:85
99                android:name="com.google.firebase.components:com.google.mlkit.linkfirebase.internal.LinkFirebaseComponentRegistrar"
99-->[com.google.mlkit:linkfirebase:17.0.0] AndroidManifest.xml:13:17-132
100                android:value="com.google.firebase.components.ComponentRegistrar" />
100-->[com.google.mlkit:linkfirebase:17.0.0] AndroidManifest.xml:14:17-82
101            <meta-data
101-->[com.google.mlkit:common:18.6.0] AndroidManifest.xml:20:13-22:85
102                android:name="com.google.firebase.components:com.google.mlkit.common.internal.CommonComponentRegistrar"
102-->[com.google.mlkit:common:18.6.0] AndroidManifest.xml:21:17-120
103                android:value="com.google.firebase.components.ComponentRegistrar" />
103-->[com.google.mlkit:common:18.6.0] AndroidManifest.xml:22:17-82
104        </service>
105
106        <provider
106-->[com.google.mlkit:common:18.6.0] AndroidManifest.xml:9:9-13:38
107            android:name="com.google.mlkit.common.internal.MlKitInitProvider"
107-->[com.google.mlkit:common:18.6.0] AndroidManifest.xml:10:13-78
108            android:authorities="com.jessy.bruneye.mlkitinitprovider"
108-->[com.google.mlkit:common:18.6.0] AndroidManifest.xml:11:13-69
109            android:exported="false"
109-->[com.google.mlkit:common:18.6.0] AndroidManifest.xml:12:13-37
110            android:initOrder="99" />
110-->[com.google.mlkit:common:18.6.0] AndroidManifest.xml:13:13-35
111
112        <service
112-->[com.google.firebase:firebase-iid:20.1.5] AndroidManifest.xml:29:9-35:19
113            android:name="com.google.firebase.components.ComponentDiscoveryService"
113-->[com.google.firebase:firebase-iid:20.1.5] AndroidManifest.xml:30:13-84
114            android:directBootAware="true"
114-->[com.google.firebase:firebase-common:19.3.0] AndroidManifest.xml:34:13-43
115            android:exported="false" >
115-->[com.google.firebase:firebase-iid:20.1.5] AndroidManifest.xml:31:13-37
116            <meta-data
116-->[com.google.firebase:firebase-iid:20.1.5] AndroidManifest.xml:32:13-34:85
117                android:name="com.google.firebase.components:com.google.firebase.iid.Registrar"
117-->[com.google.firebase:firebase-iid:20.1.5] AndroidManifest.xml:33:17-96
118                android:value="com.google.firebase.components.ComponentRegistrar" />
118-->[com.google.firebase:firebase-iid:20.1.5] AndroidManifest.xml:34:17-82
119            <meta-data
119-->[com.google.firebase:firebase-installations:16.2.1] AndroidManifest.xml:17:13-19:85
120                android:name="com.google.firebase.components:com.google.firebase.installations.FirebaseInstallationsRegistrar"
120-->[com.google.firebase:firebase-installations:16.2.1] AndroidManifest.xml:18:17-127
121                android:value="com.google.firebase.components.ComponentRegistrar" />
121-->[com.google.firebase:firebase-installations:16.2.1] AndroidManifest.xml:19:17-82
122        </service>
123
124        <receiver
124-->[com.google.firebase:firebase-iid:20.1.5] AndroidManifest.xml:37:9-44:20
125            android:name="com.google.firebase.iid.FirebaseInstanceIdReceiver"
125-->[com.google.firebase:firebase-iid:20.1.5] AndroidManifest.xml:38:13-78
126            android:exported="true"
126-->[com.google.firebase:firebase-iid:20.1.5] AndroidManifest.xml:39:13-36
127            android:permission="com.google.android.c2dm.permission.SEND" >
127-->[com.google.firebase:firebase-iid:20.1.5] AndroidManifest.xml:40:13-73
128            <intent-filter>
128-->[com.google.firebase:firebase-iid:20.1.5] AndroidManifest.xml:41:13-43:29
129                <action android:name="com.google.android.c2dm.intent.RECEIVE" />
129-->[com.google.firebase:firebase-iid:20.1.5] AndroidManifest.xml:42:17-81
129-->[com.google.firebase:firebase-iid:20.1.5] AndroidManifest.xml:42:25-78
130            </intent-filter>
131        </receiver>
132
133        <activity
133-->[com.google.android.gms:play-services-base:18.1.0] AndroidManifest.xml:20:9-22:45
134            android:name="com.google.android.gms.common.api.GoogleApiActivity"
134-->[com.google.android.gms:play-services-base:18.1.0] AndroidManifest.xml:20:19-85
135            android:exported="false"
135-->[com.google.android.gms:play-services-base:18.1.0] AndroidManifest.xml:22:19-43
136            android:theme="@android:style/Theme.Translucent.NoTitleBar" />
136-->[com.google.android.gms:play-services-base:18.1.0] AndroidManifest.xml:21:19-78
137
138        <provider
138-->[com.google.firebase:firebase-common:19.3.0] AndroidManifest.xml:26:9-30:39
139            android:name="com.google.firebase.provider.FirebaseInitProvider"
139-->[com.google.firebase:firebase-common:19.3.0] AndroidManifest.xml:27:13-77
140            android:authorities="com.jessy.bruneye.firebaseinitprovider"
140-->[com.google.firebase:firebase-common:19.3.0] AndroidManifest.xml:28:13-72
141            android:exported="false"
141-->[com.google.firebase:firebase-common:19.3.0] AndroidManifest.xml:29:13-37
142            android:initOrder="100" />
142-->[com.google.firebase:firebase-common:19.3.0] AndroidManifest.xml:30:13-36
143
144        <meta-data
144-->[com.google.android.gms:play-services-basement:18.1.0] AndroidManifest.xml:21:9-23:69
145            android:name="com.google.android.gms.version"
145-->[com.google.android.gms:play-services-basement:18.1.0] AndroidManifest.xml:22:13-58
146            android:value="@integer/google_play_services_version" />
146-->[com.google.android.gms:play-services-basement:18.1.0] AndroidManifest.xml:23:13-66
147
148        <uses-library
148-->[androidx.window:window:1.2.0] AndroidManifest.xml:23:9-25:40
149            android:name="androidx.window.extensions"
149-->[androidx.window:window:1.2.0] AndroidManifest.xml:24:13-54
150            android:required="false" />
150-->[androidx.window:window:1.2.0] AndroidManifest.xml:25:13-37
151        <uses-library
151-->[androidx.window:window:1.2.0] AndroidManifest.xml:26:9-28:40
152            android:name="androidx.window.sidecar"
152-->[androidx.window:window:1.2.0] AndroidManifest.xml:27:13-51
153            android:required="false" />
153-->[androidx.window:window:1.2.0] AndroidManifest.xml:28:13-37
154
155        <provider
155-->[androidx.lifecycle:lifecycle-process:2.7.0] AndroidManifest.xml:24:9-32:20
156            android:name="androidx.startup.InitializationProvider"
156-->[androidx.lifecycle:lifecycle-process:2.7.0] AndroidManifest.xml:25:13-67
157            android:authorities="com.jessy.bruneye.androidx-startup"
157-->[androidx.lifecycle:lifecycle-process:2.7.0] AndroidManifest.xml:26:13-68
158            android:exported="false" >
158-->[androidx.lifecycle:lifecycle-process:2.7.0] AndroidManifest.xml:27:13-37
159            <meta-data
159-->[androidx.lifecycle:lifecycle-process:2.7.0] AndroidManifest.xml:29:13-31:52
160                android:name="androidx.lifecycle.ProcessLifecycleInitializer"
160-->[androidx.lifecycle:lifecycle-process:2.7.0] AndroidManifest.xml:30:17-78
161                android:value="androidx.startup" />
161-->[androidx.lifecycle:lifecycle-process:2.7.0] AndroidManifest.xml:31:17-49
162            <meta-data
162-->[androidx.profileinstaller:profileinstaller:1.3.1] AndroidManifest.xml:29:13-31:52
163                android:name="androidx.profileinstaller.ProfileInstallerInitializer"
163-->[androidx.profileinstaller:profileinstaller:1.3.1] AndroidManifest.xml:30:17-85
164                android:value="androidx.startup" />
164-->[androidx.profileinstaller:profileinstaller:1.3.1] AndroidManifest.xml:31:17-49
165        </provider>
166
167        <receiver
167-->[androidx.profileinstaller:profileinstaller:1.3.1] AndroidManifest.xml:34:9-52:20
168            android:name="androidx.profileinstaller.ProfileInstallReceiver"
168-->[androidx.profileinstaller:profileinstaller:1.3.1] AndroidManifest.xml:35:13-76
169            android:directBootAware="false"
169-->[androidx.profileinstaller:profileinstaller:1.3.1] AndroidManifest.xml:36:13-44
170            android:enabled="true"
170-->[androidx.profileinstaller:profileinstaller:1.3.1] AndroidManifest.xml:37:13-35
171            android:exported="true"
171-->[androidx.profileinstaller:profileinstaller:1.3.1] AndroidManifest.xml:38:13-36
172            android:permission="android.permission.DUMP" >
172-->[androidx.profileinstaller:profileinstaller:1.3.1] AndroidManifest.xml:39:13-57
173            <intent-filter>
173-->[androidx.profileinstaller:profileinstaller:1.3.1] AndroidManifest.xml:40:13-42:29
174                <action android:name="androidx.profileinstaller.action.INSTALL_PROFILE" />
174-->[androidx.profileinstaller:profileinstaller:1.3.1] AndroidManifest.xml:41:17-91
174-->[androidx.profileinstaller:profileinstaller:1.3.1] AndroidManifest.xml:41:25-88
175            </intent-filter>
176            <intent-filter>
176-->[androidx.profileinstaller:profileinstaller:1.3.1] AndroidManifest.xml:43:13-45:29
177                <action android:name="androidx.profileinstaller.action.SKIP_FILE" />
177-->[androidx.profileinstaller:profileinstaller:1.3.1] AndroidManifest.xml:44:17-85
177-->[androidx.profileinstaller:profileinstaller:1.3.1] AndroidManifest.xml:44:25-82
178            </intent-filter>
179            <intent-filter>
179-->[androidx.profileinstaller:profileinstaller:1.3.1] AndroidManifest.xml:46:13-48:29
180                <action android:name="androidx.profileinstaller.action.SAVE_PROFILE" />
180-->[androidx.profileinstaller:profileinstaller:1.3.1] AndroidManifest.xml:47:17-88
180-->[androidx.profileinstaller:profileinstaller:1.3.1] AndroidManifest.xml:47:25-85
181            </intent-filter>
182            <intent-filter>
182-->[androidx.profileinstaller:profileinstaller:1.3.1] AndroidManifest.xml:49:13-51:29
183                <action android:name="androidx.profileinstaller.action.BENCHMARK_OPERATION" />
183-->[androidx.profileinstaller:profileinstaller:1.3.1] AndroidManifest.xml:50:17-95
183-->[androidx.profileinstaller:profileinstaller:1.3.1] AndroidManifest.xml:50:25-92
184            </intent-filter>
185        </receiver>
186
187        <service
187-->[com.google.android.datatransport:transport-backend-cct:2.3.3] AndroidManifest.xml:29:9-35:19
188            android:name="com.google.android.datatransport.runtime.backends.TransportBackendDiscovery"
188-->[com.google.android.datatransport:transport-backend-cct:2.3.3] AndroidManifest.xml:30:13-103
189            android:exported="false" >
189-->[com.google.android.datatransport:transport-backend-cct:2.3.3] AndroidManifest.xml:31:13-37
190            <meta-data
190-->[com.google.android.datatransport:transport-backend-cct:2.3.3] AndroidManifest.xml:32:13-34:39
191                android:name="backend:com.google.android.datatransport.cct.CctBackendFactory"
191-->[com.google.android.datatransport:transport-backend-cct:2.3.3] AndroidManifest.xml:33:17-94
192                android:value="cct" />
192-->[com.google.android.datatransport:transport-backend-cct:2.3.3] AndroidManifest.xml:34:17-36
193        </service>
194        <service
194-->[com.google.android.datatransport:transport-runtime:2.2.6] AndroidManifest.xml:26:9-30:19
195            android:name="com.google.android.datatransport.runtime.scheduling.jobscheduling.JobInfoSchedulerService"
195-->[com.google.android.datatransport:transport-runtime:2.2.6] AndroidManifest.xml:27:13-117
196            android:exported="false"
196-->[com.google.android.datatransport:transport-runtime:2.2.6] AndroidManifest.xml:28:13-37
197            android:permission="android.permission.BIND_JOB_SERVICE" >
197-->[com.google.android.datatransport:transport-runtime:2.2.6] AndroidManifest.xml:29:13-69
198        </service>
199
200        <receiver
200-->[com.google.android.datatransport:transport-runtime:2.2.6] AndroidManifest.xml:32:9-34:40
201            android:name="com.google.android.datatransport.runtime.scheduling.jobscheduling.AlarmManagerSchedulerBroadcastReceiver"
201-->[com.google.android.datatransport:transport-runtime:2.2.6] AndroidManifest.xml:33:13-132
202            android:exported="false" />
202-->[com.google.android.datatransport:transport-runtime:2.2.6] AndroidManifest.xml:34:13-37
203    </application>
204
205</manifest>